mode: set
develapar-server/config/config.go:39.37,41.16 2 1
develapar-server/config/config.go:41.16,43.3 1 1
develapar-server/config/config.go:45.2,46.16 2 1
develapar-server/config/config.go:46.16,49.3 1 1
develapar-server/config/config.go:51.2,70.252 4 1
develapar-server/config/config.go:70.252,72.3 1 0
develapar-server/config/config.go:73.2,73.12 1 1
develapar-server/config/config.go:77.35,80.44 2 1
develapar-server/config/config.go:80.44,82.3 1 1
develapar-server/config/config.go:84.2,84.20 1 1
develapar-server/service/article_service.go:27.66,29.2 1 0
develapar-server/service/article_service.go:32.80,34.2 1 0
develapar-server/service/article_service.go:37.54,39.2 1 0
develapar-server/service/article_service.go:42.76,44.2 1 0
develapar-server/service/article_service.go:47.73,49.2 1 0
develapar-server/service/article_service.go:52.101,54.16 2 0
develapar-server/service/article_service.go:54.16,56.3 1 0
develapar-server/service/article_service.go:58.2,58.22 1 0
develapar-server/service/article_service.go:58.22,60.3 1 0
develapar-server/service/article_service.go:61.2,61.21 1 0
develapar-server/service/article_service.go:61.21,64.3 2 0
develapar-server/service/article_service.go:65.2,65.24 1 0
develapar-server/service/article_service.go:65.24,67.3 1 0
develapar-server/service/article_service.go:68.2,68.27 1 0
develapar-server/service/article_service.go:68.27,70.3 1 0
develapar-server/service/article_service.go:72.2,72.38 1 0
develapar-server/service/article_service.go:76.86,91.2 3 0
develapar-server/service/article_service.go:94.61,96.2 1 0
develapar-server/service/article_service.go:98.80,100.2 1 0
develapar-server/service/article_tag_service.go:22.82,24.2 1 0
develapar-server/service/article_tag_service.go:27.85,31.35 2 0
develapar-server/service/article_tag_service.go:31.35,33.17 2 0
develapar-server/service/article_tag_service.go:33.17,35.18 2 0
develapar-server/service/article_tag_service.go:35.18,37.5 1 0
develapar-server/service/article_tag_service.go:38.4,38.38 1 0
develapar-server/service/article_tag_service.go:39.9,41.4 1 0
develapar-server/service/article_tag_service.go:44.2,44.55 1 0
develapar-server/service/article_tag_service.go:48.74,50.2 1 0
develapar-server/service/article_tag_service.go:53.84,55.2 1 0
develapar-server/service/article_tag_service.go:58.85,60.2 1 0
develapar-server/service/article_tag_service.go:62.127,67.2 1 0
develapar-server/service/bookmark_service.go:20.81,22.2 1 0
develapar-server/service/bookmark_service.go:25.75,27.2 1 0
develapar-server/service/bookmark_service.go:30.90,32.2 1 0
develapar-server/service/bookmark_service.go:35.81,37.2 1 0
develapar-server/service/bookmark_service.go:39.83,41.2 1 0
develapar-server/service/category_service.go:22.56,24.2 1 0
develapar-server/service/category_service.go:27.105,29.16 2 0
develapar-server/service/category_service.go:29.16,31.3 1 0
develapar-server/service/category_service.go:33.2,33.21 1 0
develapar-server/service/category_service.go:33.21,35.3 1 0
develapar-server/service/category_service.go:37.2,37.35 1 0
develapar-server/service/category_service.go:42.90,44.2 1 0
develapar-server/service/category_service.go:47.63,49.2 1 0
develapar-server/service/category_service.go:51.83,53.2 1 0
develapar-server/service/comment_service.go:25.73,27.16 2 0
develapar-server/service/comment_service.go:27.16,29.3 1 0
develapar-server/service/comment_service.go:31.2,31.31 1 0
develapar-server/service/comment_service.go:31.31,33.3 1 0
develapar-server/service/comment_service.go:35.2,35.40 1 0
develapar-server/service/comment_service.go:39.87,41.16 2 0
develapar-server/service/comment_service.go:41.16,43.3 1 0
develapar-server/service/comment_service.go:45.2,45.31 1 0
develapar-server/service/comment_service.go:45.31,47.3 1 0
develapar-server/service/comment_service.go:49.2,49.57 1 0
develapar-server/service/comment_service.go:53.86,55.2 1 0
develapar-server/service/comment_service.go:58.89,60.2 1 0
develapar-server/service/comment_service.go:63.89,65.2 1 0
develapar-server/service/comment_service.go:67.80,69.2 1 0
develapar-server/service/jwt_service.go:26.61,29.16 3 0
develapar-server/service/jwt_service.go:29.16,31.3 1 0
develapar-server/service/jwt_service.go:32.2,32.50 1 0
develapar-server/service/jwt_service.go:36.86,49.16 4 0
develapar-server/service/jwt_service.go:49.16,51.3 1 0
develapar-server/service/jwt_service.go:53.2,54.16 2 0
develapar-server/service/jwt_service.go:54.16,56.3 1 0
develapar-server/service/jwt_service.go:58.2,61.8 1 0
develapar-server/service/jwt_service.go:65.77,66.83 1 0
develapar-server/service/jwt_service.go:66.83,68.3 1 0
develapar-server/service/jwt_service.go:69.2,69.16 1 0
develapar-server/service/jwt_service.go:69.16,71.3 1 0
develapar-server/service/jwt_service.go:73.2,74.61 2 0
develapar-server/service/jwt_service.go:74.61,76.3 1 0
develapar-server/service/jwt_service.go:77.2,77.20 1 0
develapar-server/service/jwt_service.go:80.57,82.2 1 0
develapar-server/service/jwt_service_mock.go:15.90,18.2 2 0
develapar-server/service/jwt_service_mock.go:20.75,23.2 2 0
develapar-server/service/jwt_service_mock.go:25.65,28.2 2 0
develapar-server/service/like_service.go:21.72,23.2 1 0
develapar-server/service/like_service.go:26.76,28.2 1 0
develapar-server/service/like_service.go:31.67,33.2 1 0
develapar-server/service/like_service.go:36.81,39.2 1 0
develapar-server/service/like_service.go:42.75,44.2 1 0
develapar-server/service/like_service.go:46.71,48.2 1 0
develapar-server/service/tag_service.go:19.72,21.2 1 0
develapar-server/service/tag_service.go:24.54,26.2 1 0
develapar-server/service/tag_service.go:29.59,32.2 1 0
develapar-server/service/tag_service.go:34.68,36.2 1 0
develapar-server/service/user_service.go:30.81,32.16 2 1
develapar-server/service/user_service.go:32.16,34.3 1 1
develapar-server/service/user_service.go:36.2,36.94 1 1
develapar-server/service/user_service.go:36.94,38.3 1 1
develapar-server/service/user_service.go:40.2,42.16 3 1
develapar-server/service/user_service.go:42.16,44.3 1 1
develapar-server/service/user_service.go:46.2,48.16 3 1
develapar-server/service/user_service.go:48.16,51.3 2 1
develapar-server/service/user_service.go:53.2,53.19 1 1
develapar-server/service/user_service.go:58.59,60.2 1 1
develapar-server/service/user_service.go:63.67,66.16 2 1
develapar-server/service/user_service.go:66.16,68.3 1 1
develapar-server/service/user_service.go:70.2,70.34 1 1
develapar-server/service/user_service.go:73.77,76.16 2 1
develapar-server/service/user_service.go:76.16,78.3 1 1
develapar-server/service/user_service.go:79.2,83.16 3 1
develapar-server/service/user_service.go:83.16,85.3 1 1
develapar-server/service/user_service.go:88.2,89.25 2 1
develapar-server/service/user_service.go:92.87,95.16 2 1
develapar-server/service/user_service.go:95.16,97.3 1 1
develapar-server/service/user_service.go:100.2,101.51 2 1
develapar-server/service/user_service.go:101.51,103.3 1 1
develapar-server/service/user_service.go:106.2,107.16 2 1
develapar-server/service/user_service.go:107.16,109.3 1 1
develapar-server/service/user_service.go:112.2,113.16 2 1
develapar-server/service/user_service.go:113.16,115.3 1 1
develapar-server/service/user_service.go:118.2,120.16 3 1
develapar-server/service/user_service.go:120.16,122.3 1 1
develapar-server/service/user_service.go:124.2,124.23 1 1
develapar-server/service/user_service.go:127.111,129.2 1 1
develapar-server/middleware/auth_middleware.go:19.70,20.32 1 1
develapar-server/middleware/auth_middleware.go:20.32,25.17 4 1
develapar-server/middleware/auth_middleware.go:25.17,28.4 2 1
develapar-server/middleware/auth_middleware.go:30.3,33.21 3 1
develapar-server/middleware/auth_middleware.go:33.21,35.28 2 1
develapar-server/middleware/auth_middleware.go:35.28,36.28 1 1
develapar-server/middleware/auth_middleware.go:36.28,38.11 2 0
develapar-server/middleware/auth_middleware.go:41.4,41.18 1 1
develapar-server/middleware/auth_middleware.go:41.18,44.5 2 1
develapar-server/middleware/auth_middleware.go:47.3,47.13 1 1
develapar-server/middleware/auth_middleware.go:52.70,54.2 1 1
develapar-server/controller/article_controller.go:32.68,34.13 2 1
develapar-server/controller/article_controller.go:34.13,37.3 2 0
develapar-server/controller/article_controller.go:39.2,40.9 2 1
develapar-server/controller/article_controller.go:40.9,43.3 2 0
develapar-server/controller/article_controller.go:44.2,47.53 3 1
develapar-server/controller/article_controller.go:47.53,52.3 2 1
develapar-server/controller/article_controller.go:54.2,57.16 3 1
develapar-server/controller/article_controller.go:57.16,62.3 2 1
develapar-server/controller/article_controller.go:64.2,67.4 1 1
develapar-server/controller/article_controller.go:77.68,79.16 2 1
develapar-server/controller/article_controller.go:79.16,84.3 2 1
develapar-server/controller/article_controller.go:86.2,89.4 1 1
develapar-server/controller/article_controller.go:107.68,110.13 2 1
develapar-server/controller/article_controller.go:110.13,113.3 2 0
develapar-server/controller/article_controller.go:114.2,115.9 2 1
develapar-server/controller/article_controller.go:115.9,118.3 2 0
develapar-server/controller/article_controller.go:119.2,124.16 4 1
develapar-server/controller/article_controller.go:124.16,127.3 2 0
develapar-server/controller/article_controller.go:130.2,131.16 2 1
develapar-server/controller/article_controller.go:131.16,134.3 2 0
develapar-server/controller/article_controller.go:135.2,135.31 1 1
develapar-server/controller/article_controller.go:135.31,138.3 2 1
develapar-server/controller/article_controller.go:141.2,142.49 2 1
develapar-server/controller/article_controller.go:142.49,145.3 2 1
develapar-server/controller/article_controller.go:148.2,149.16 2 1
develapar-server/controller/article_controller.go:149.16,152.3 2 1
develapar-server/controller/article_controller.go:154.2,157.4 1 0
develapar-server/controller/article_controller.go:169.64,173.16 3 1
develapar-server/controller/article_controller.go:173.16,174.33 1 1
develapar-server/controller/article_controller.go:174.33,177.4 2 1
develapar-server/controller/article_controller.go:178.3,179.9 2 1
develapar-server/controller/article_controller.go:182.2,185.4 1 1
develapar-server/controller/article_controller.go:197.67,200.16 3 1
develapar-server/controller/article_controller.go:200.16,203.3 2 1
develapar-server/controller/article_controller.go:205.2,206.16 2 1
develapar-server/controller/article_controller.go:206.16,209.3 2 1
develapar-server/controller/article_controller.go:211.2,214.4 1 1
develapar-server/controller/article_controller.go:225.62,228.16 3 1
develapar-server/controller/article_controller.go:228.16,231.3 2 1
develapar-server/controller/article_controller.go:233.2,236.4 1 1
develapar-server/controller/article_controller.go:252.69,255.13 2 1
develapar-server/controller/article_controller.go:255.13,258.3 2 0
develapar-server/controller/article_controller.go:259.2,260.9 2 1
develapar-server/controller/article_controller.go:260.9,263.3 2 1
develapar-server/controller/article_controller.go:264.2,269.16 4 1
develapar-server/controller/article_controller.go:269.16,272.3 2 1
develapar-server/controller/article_controller.go:275.2,276.16 2 1
develapar-server/controller/article_controller.go:276.16,279.3 2 1
develapar-server/controller/article_controller.go:280.2,280.31 1 1
develapar-server/controller/article_controller.go:280.31,283.3 2 0
develapar-server/controller/article_controller.go:286.2,287.16 2 1
develapar-server/controller/article_controller.go:287.16,290.3 2 0
develapar-server/controller/article_controller.go:292.2,294.4 1 1
develapar-server/controller/article_controller.go:298.37,312.2 10 1
develapar-server/controller/article_controller.go:315.124,321.2 1 1
develapar-server/controller/article_tag_controller.go:36.82,38.49 2 0
develapar-server/controller/article_tag_controller.go:38.49,41.3 2 0
develapar-server/controller/article_tag_controller.go:43.2,44.16 2 0
develapar-server/controller/article_tag_controller.go:44.16,47.3 2 0
develapar-server/controller/article_tag_controller.go:49.2,49.73 1 0
develapar-server/controller/article_tag_controller.go:52.80,54.49 2 0
develapar-server/controller/article_tag_controller.go:54.49,57.3 2 0
develapar-server/controller/article_tag_controller.go:59.2,60.16 2 0
develapar-server/controller/article_tag_controller.go:60.16,63.3 2 0
develapar-server/controller/article_tag_controller.go:65.2,65.73 1 0
develapar-server/controller/article_tag_controller.go:77.76,79.16 2 0
develapar-server/controller/article_tag_controller.go:79.16,82.3 2 0
develapar-server/controller/article_tag_controller.go:84.2,85.16 2 0
develapar-server/controller/article_tag_controller.go:85.16,88.3 2 0
develapar-server/controller/article_tag_controller.go:90.2,90.46 1 0
develapar-server/controller/article_tag_controller.go:102.76,104.16 2 0
develapar-server/controller/article_tag_controller.go:104.16,107.3 2 0
develapar-server/controller/article_tag_controller.go:109.2,110.16 2 0
develapar-server/controller/article_tag_controller.go:110.16,113.3 2 0
develapar-server/controller/article_tag_controller.go:115.2,115.50 1 0
develapar-server/controller/article_tag_controller.go:130.78,132.16 2 0
develapar-server/controller/article_tag_controller.go:132.16,135.3 2 0
develapar-server/controller/article_tag_controller.go:137.2,138.16 2 0
develapar-server/controller/article_tag_controller.go:138.16,141.3 2 0
develapar-server/controller/article_tag_controller.go:143.2,144.16 2 0
develapar-server/controller/article_tag_controller.go:144.16,147.3 2 0
develapar-server/controller/article_tag_controller.go:149.2,151.4 1 0
develapar-server/controller/article_tag_controller.go:154.41,164.2 7 0
develapar-server/controller/article_tag_controller.go:166.132,168.2 1 0
develapar-server/controller/bookmark_controller.go:31.70,34.13 3 0
develapar-server/controller/bookmark_controller.go:34.13,37.3 2 0
develapar-server/controller/bookmark_controller.go:38.2,39.9 2 0
develapar-server/controller/bookmark_controller.go:39.9,42.3 2 0
develapar-server/controller/bookmark_controller.go:43.2,47.53 3 0
develapar-server/controller/bookmark_controller.go:47.53,52.3 2 0
develapar-server/controller/bookmark_controller.go:54.2,55.16 2 0
develapar-server/controller/bookmark_controller.go:55.16,60.3 2 0
develapar-server/controller/bookmark_controller.go:62.2,65.4 1 0
develapar-server/controller/bookmark_controller.go:76.68,81.16 3 0
develapar-server/controller/bookmark_controller.go:81.16,84.3 2 0
develapar-server/controller/bookmark_controller.go:86.2,89.4 1 0
develapar-server/controller/bookmark_controller.go:104.70,106.13 2 0
develapar-server/controller/bookmark_controller.go:106.13,109.3 2 0
develapar-server/controller/bookmark_controller.go:110.2,111.9 2 0
develapar-server/controller/bookmark_controller.go:111.9,114.3 2 0
develapar-server/controller/bookmark_controller.go:115.2,119.16 4 0
develapar-server/controller/bookmark_controller.go:119.16,122.3 2 0
develapar-server/controller/bookmark_controller.go:124.2,125.16 2 0
develapar-server/controller/bookmark_controller.go:125.16,128.3 2 0
develapar-server/controller/bookmark_controller.go:130.2,132.4 1 0
develapar-server/controller/bookmark_controller.go:146.69,148.13 2 0
develapar-server/controller/bookmark_controller.go:148.13,151.3 2 0
develapar-server/controller/bookmark_controller.go:152.2,153.9 2 0
develapar-server/controller/bookmark_controller.go:153.9,156.3 2 0
develapar-server/controller/bookmark_controller.go:157.2,160.16 3 0
develapar-server/controller/bookmark_controller.go:160.16,163.3 2 0
develapar-server/controller/bookmark_controller.go:165.2,166.16 2 0
develapar-server/controller/bookmark_controller.go:166.16,169.3 2 0
develapar-server/controller/bookmark_controller.go:171.2,171.58 1 0
develapar-server/controller/bookmark_controller.go:174.38,183.2 7 0
develapar-server/controller/bookmark_controller.go:185.127,191.2 1 0
develapar-server/controller/category_controller.go:31.70,33.53 2 0
develapar-server/controller/category_controller.go:33.53,38.3 2 0
develapar-server/controller/category_controller.go:40.2,41.16 2 0
develapar-server/controller/category_controller.go:41.16,46.3 2 0
develapar-server/controller/category_controller.go:48.2,51.4 1 0
develapar-server/controller/category_controller.go:61.70,63.16 2 0
develapar-server/controller/category_controller.go:63.16,68.3 2 0
develapar-server/controller/category_controller.go:70.2,73.4 1 0
develapar-server/controller/category_controller.go:88.70,91.16 3 0
develapar-server/controller/category_controller.go:91.16,94.3 2 0
develapar-server/controller/category_controller.go:96.2,97.49 2 0
develapar-server/controller/category_controller.go:97.49,100.3 2 0
develapar-server/controller/category_controller.go:102.2,103.16 2 0
develapar-server/controller/category_controller.go:103.16,106.3 2 0
develapar-server/controller/category_controller.go:108.2,111.4 1 0
develapar-server/controller/category_controller.go:124.70,128.16 3 0
develapar-server/controller/category_controller.go:128.16,131.3 2 0
develapar-server/controller/category_controller.go:133.2,134.17 2 0
develapar-server/controller/category_controller.go:134.17,137.3 2 0
develapar-server/controller/category_controller.go:139.2,141.4 1 0
develapar-server/controller/category_controller.go:144.38,152.2 6 0
develapar-server/controller/category_controller.go:154.127,160.2 1 0
develapar-server/controller/comment_controller.go:32.68,36.13 3 0
develapar-server/controller/comment_controller.go:36.13,39.3 2 0
develapar-server/controller/comment_controller.go:40.2,41.9 2 0
develapar-server/controller/comment_controller.go:41.9,44.3 2 0
develapar-server/controller/comment_controller.go:45.2,49.53 3 0
develapar-server/controller/comment_controller.go:49.53,54.3 2 0
develapar-server/controller/comment_controller.go:56.2,57.16 2 0
develapar-server/controller/comment_controller.go:57.16,62.3 2 0
develapar-server/controller/comment_controller.go:64.2,67.4 1 0
develapar-server/controller/comment_controller.go:79.77,81.16 2 0
develapar-server/controller/comment_controller.go:81.16,84.3 2 0
develapar-server/controller/comment_controller.go:86.2,87.16 2 0
develapar-server/controller/comment_controller.go:87.16,90.3 2 0
develapar-server/controller/comment_controller.go:92.2,95.4 1 0
develapar-server/controller/comment_controller.go:107.74,109.16 2 0
develapar-server/controller/comment_controller.go:109.16,112.3 2 0
develapar-server/controller/comment_controller.go:114.2,115.16 2 0
develapar-server/controller/comment_controller.go:115.16,118.3 2 0
develapar-server/controller/comment_controller.go:120.2,123.4 1 0
develapar-server/controller/comment_controller.go:140.68,147.49 4 0
develapar-server/controller/comment_controller.go:147.49,150.3 2 0
develapar-server/controller/comment_controller.go:152.2,153.16 2 0
develapar-server/controller/comment_controller.go:153.16,154.46 1 0
develapar-server/controller/comment_controller.go:154.46,157.4 2 0
develapar-server/controller/comment_controller.go:158.3,159.9 2 0
develapar-server/controller/comment_controller.go:162.2,162.54 1 0
develapar-server/controller/comment_controller.go:176.68,180.16 3 0
develapar-server/controller/comment_controller.go:180.16,183.3 2 0
develapar-server/controller/comment_controller.go:185.2,185.67 1 0
develapar-server/controller/comment_controller.go:185.67,188.3 2 0
develapar-server/controller/comment_controller.go:190.2,190.75 1 0
develapar-server/controller/comment_controller.go:193.37,203.2 7 0
develapar-server/controller/comment_controller.go:205.124,211.2 1 0
develapar-server/controller/like_controller.go:31.59,35.13 3 0
develapar-server/controller/like_controller.go:35.13,38.3 2 0
develapar-server/controller/like_controller.go:39.2,40.9 2 0
develapar-server/controller/like_controller.go:40.9,43.3 2 0
develapar-server/controller/like_controller.go:44.2,48.53 3 0
develapar-server/controller/like_controller.go:48.53,53.3 2 0
develapar-server/controller/like_controller.go:55.2,56.16 2 0
develapar-server/controller/like_controller.go:56.16,61.3 2 0
develapar-server/controller/like_controller.go:63.2,66.4 1 0
develapar-server/controller/like_controller.go:78.70,80.16 2 0
develapar-server/controller/like_controller.go:80.16,83.3 2 0
develapar-server/controller/like_controller.go:86.2,87.16 2 0
develapar-server/controller/like_controller.go:87.16,90.3 2 0
develapar-server/controller/like_controller.go:92.2,95.4 1 0
develapar-server/controller/like_controller.go:107.67,109.16 2 0
develapar-server/controller/like_controller.go:109.16,112.3 2 0
develapar-server/controller/like_controller.go:115.2,116.16 2 0
develapar-server/controller/like_controller.go:116.16,119.3 2 0
develapar-server/controller/like_controller.go:121.2,124.4 1 0
develapar-server/controller/like_controller.go:139.62,143.13 3 0
develapar-server/controller/like_controller.go:143.13,146.3 2 0
develapar-server/controller/like_controller.go:147.2,148.9 2 0
develapar-server/controller/like_controller.go:148.9,151.3 2 0
develapar-server/controller/like_controller.go:152.2,158.16 4 0
develapar-server/controller/like_controller.go:158.16,161.3 2 0
develapar-server/controller/like_controller.go:163.2,165.4 1 0
develapar-server/controller/like_controller.go:179.61,181.13 2 0
develapar-server/controller/like_controller.go:181.13,184.3 2 0
develapar-server/controller/like_controller.go:185.2,186.9 2 0
develapar-server/controller/like_controller.go:186.9,189.3 2 0
develapar-server/controller/like_controller.go:190.2,193.16 3 0
develapar-server/controller/like_controller.go:193.16,196.3 2 0
develapar-server/controller/like_controller.go:198.2,199.16 2 0
develapar-server/controller/like_controller.go:199.16,202.3 2 0
develapar-server/controller/like_controller.go:204.2,204.48 1 0
develapar-server/controller/like_controller.go:207.34,216.2 7 0
develapar-server/controller/like_controller.go:218.115,224.2 1 0
develapar-server/controller/tag_controller.go:31.60,33.53 2 0
develapar-server/controller/tag_controller.go:33.53,38.3 2 0
develapar-server/controller/tag_controller.go:40.2,41.16 2 0
develapar-server/controller/tag_controller.go:41.16,46.3 2 0
develapar-server/controller/tag_controller.go:48.2,51.4 1 0
develapar-server/controller/tag_controller.go:61.60,63.16 2 0
develapar-server/controller/tag_controller.go:63.16,68.3 2 0
develapar-server/controller/tag_controller.go:70.2,73.4 1 0
develapar-server/controller/tag_controller.go:85.61,87.16 2 0
develapar-server/controller/tag_controller.go:87.16,89.3 1 0
develapar-server/controller/tag_controller.go:91.2,92.16 2 0
develapar-server/controller/tag_controller.go:92.16,95.3 2 0
develapar-server/controller/tag_controller.go:97.2,100.4 1 0
develapar-server/controller/tag_controller.go:104.33,111.2 5 0
develapar-server/controller/tag_controller.go:113.112,119.2 1 0
develapar-server/controller/user_controller.go:27.57,29.53 2 1
develapar-server/controller/user_controller.go:29.53,32.3 2 1
develapar-server/controller/user_controller.go:34.2,35.16 2 1
develapar-server/controller/user_controller.go:35.16,38.3 2 1
develapar-server/controller/user_controller.go:41.2,55.4 2 1
develapar-server/controller/user_controller.go:68.57,71.53 2 1
develapar-server/controller/user_controller.go:71.53,76.3 2 1
develapar-server/controller/user_controller.go:78.2,79.16 2 1
develapar-server/controller/user_controller.go:79.16,84.3 2 1
develapar-server/controller/user_controller.go:85.2,88.4 1 1
develapar-server/controller/user_controller.go:99.64,103.16 3 1
develapar-server/controller/user_controller.go:103.16,106.3 2 1
develapar-server/controller/user_controller.go:108.2,111.4 1 1
develapar-server/controller/user_controller.go:121.63,123.16 2 1
develapar-server/controller/user_controller.go:123.16,126.3 2 1
develapar-server/controller/user_controller.go:128.2,131.4 1 1
develapar-server/controller/user_controller.go:141.75,142.30 1 1
develapar-server/controller/user_controller.go:142.30,145.33 2 1
develapar-server/controller/user_controller.go:145.33,148.4 2 1
develapar-server/controller/user_controller.go:151.3,152.17 2 1
develapar-server/controller/user_controller.go:152.17,155.4 2 1
develapar-server/controller/user_controller.go:158.3,164.5 3 1
develapar-server/controller/user_controller.go:170.34,172.2 2 1
develapar-server/controller/user_controller.go:172.2,175.3 2 1
develapar-server/controller/user_controller.go:177.2,178.2 2 1
develapar-server/controller/user_controller.go:178.2,182.3 3 1
develapar-server/controller/user_controller.go:186.85,192.2 1 1
develapar-server/main.go:3.13,6.2 1 0
develapar-server/server.go:35.34,48.2 10 0
develapar-server/server.go:50.26,53.2 2 0
develapar-server/server.go:56.39,57.30 1 1
develapar-server/server.go:57.30,64.36 6 1
develapar-server/server.go:64.36,67.4 2 1
develapar-server/server.go:69.3,69.11 1 1
develapar-server/server.go:73.26,75.16 2 0
develapar-server/server.go:75.16,77.3 1 0
develapar-server/server.go:78.2,81.16 3 0
develapar-server/server.go:81.16,83.3 1 0
develapar-server/server.go:85.2,127.3 23 0
develapar-server/repository/article_repository.go:24.87,36.16 3 1
develapar-server/repository/article_repository.go:36.16,38.3 1 1
develapar-server/repository/article_repository.go:39.2,43.18 3 1
develapar-server/repository/article_repository.go:43.18,53.17 5 1
develapar-server/repository/article_repository.go:53.17,55.4 1 0
develapar-server/repository/article_repository.go:57.3,59.33 3 1
develapar-server/repository/article_repository.go:62.2,62.22 1 1
develapar-server/repository/article_repository.go:67.82,90.16 7 1
develapar-server/repository/article_repository.go:90.16,92.3 1 1
develapar-server/repository/article_repository.go:94.2,96.21 3 1
develapar-server/repository/article_repository.go:100.57,102.16 2 1
develapar-server/repository/article_repository.go:102.16,104.3 1 1
develapar-server/repository/article_repository.go:106.2,106.12 1 1
develapar-server/repository/article_repository.go:110.75,122.2 4 1
develapar-server/repository/article_repository.go:125.85,139.16 3 1
develapar-server/repository/article_repository.go:139.16,141.3 1 1
develapar-server/repository/article_repository.go:142.2,146.18 3 1
develapar-server/repository/article_repository.go:146.18,156.17 5 1
develapar-server/repository/article_repository.go:156.17,158.4 1 0
develapar-server/repository/article_repository.go:160.3,162.33 3 1
develapar-server/repository/article_repository.go:165.2,165.22 1 1
develapar-server/repository/article_repository.go:169.89,187.16 5 1
develapar-server/repository/article_repository.go:187.16,189.3 1 1
develapar-server/repository/article_repository.go:191.2,191.21 1 1
develapar-server/repository/article_repository.go:195.63,208.16 3 1
develapar-server/repository/article_repository.go:208.16,210.3 1 1
develapar-server/repository/article_repository.go:211.2,214.18 3 1
develapar-server/repository/article_repository.go:214.18,225.17 5 1
develapar-server/repository/article_repository.go:225.17,227.4 1 0
develapar-server/repository/article_repository.go:229.3,231.39 3 1
develapar-server/repository/article_repository.go:234.2,234.35 1 1
develapar-server/repository/article_repository.go:234.35,236.3 1 0
develapar-server/repository/article_repository.go:238.2,238.22 1 1
develapar-server/repository/article_repository.go:242.89,266.16 3 1
develapar-server/repository/article_repository.go:266.16,268.3 1 1
develapar-server/repository/article_repository.go:269.2,269.17 1 1
develapar-server/repository/article_repository.go:272.63,274.2 1 1
develapar-server/repository/article_tags_repository.go:20.85,24.2 2 1
develapar-server/repository/article_tags_repository.go:27.77,29.16 2 1
develapar-server/repository/article_tags_repository.go:29.16,31.3 1 0
develapar-server/repository/article_tags_repository.go:32.2,35.16 3 1
develapar-server/repository/article_tags_repository.go:35.16,37.3 1 0
develapar-server/repository/article_tags_repository.go:39.2,39.30 1 1
develapar-server/repository/article_tags_repository.go:39.30,41.17 2 1
develapar-server/repository/article_tags_repository.go:41.17,43.4 1 1
develapar-server/repository/article_tags_repository.go:45.2,45.20 1 1
develapar-server/repository/article_tags_repository.go:49.86,63.16 3 1
develapar-server/repository/article_tags_repository.go:63.16,65.3 1 1
develapar-server/repository/article_tags_repository.go:66.2,69.18 3 1
develapar-server/repository/article_tags_repository.go:69.18,75.17 3 1
develapar-server/repository/article_tags_repository.go:75.17,77.4 1 0
develapar-server/repository/article_tags_repository.go:79.3,79.39 1 1
develapar-server/repository/article_tags_repository.go:82.2,82.22 1 1
develapar-server/repository/article_tags_repository.go:86.88,90.16 3 1
develapar-server/repository/article_tags_repository.go:90.16,92.3 1 1
develapar-server/repository/article_tags_repository.go:93.2,97.18 3 1
develapar-server/repository/article_tags_repository.go:97.18,100.17 3 1
develapar-server/repository/article_tags_repository.go:100.17,102.4 1 0
develapar-server/repository/article_tags_repository.go:103.3,103.27 1 1
develapar-server/repository/article_tags_repository.go:106.2,106.18 1 1
develapar-server/repository/article_tags_repository.go:109.69,111.2 1 1
develapar-server/repository/bookmark_repository.go:21.78,25.2 3 1
develapar-server/repository/bookmark_repository.go:28.80,32.16 4 1
develapar-server/repository/bookmark_repository.go:32.16,34.3 1 1
develapar-server/repository/bookmark_repository.go:35.2,35.20 1 1
develapar-server/repository/bookmark_repository.go:39.83,57.16 4 1
develapar-server/repository/bookmark_repository.go:57.16,59.3 1 1
develapar-server/repository/bookmark_repository.go:60.2,62.18 2 1
develapar-server/repository/bookmark_repository.go:62.18,74.17 6 1
develapar-server/repository/bookmark_repository.go:74.17,76.4 1 0
develapar-server/repository/bookmark_repository.go:79.3,83.42 3 1
develapar-server/repository/bookmark_repository.go:87.2,87.35 1 1
develapar-server/repository/bookmark_repository.go:87.35,89.3 1 0
develapar-server/repository/bookmark_repository.go:91.2,91.23 1 1
develapar-server/repository/bookmark_repository.go:95.93,101.16 3 1
develapar-server/repository/bookmark_repository.go:101.16,103.3 1 1
develapar-server/repository/bookmark_repository.go:104.2,104.17 1 1
develapar-server/repository/bookmark_repository.go:107.65,109.2 1 1
develapar-server/repository/category_repository.go:21.78,32.16 4 1
develapar-server/repository/category_repository.go:32.16,34.3 1 1
develapar-server/repository/category_repository.go:36.2,36.17 1 1
develapar-server/repository/category_repository.go:41.59,43.16 2 1
develapar-server/repository/category_repository.go:43.16,45.3 1 1
develapar-server/repository/category_repository.go:47.2,47.12 1 1
develapar-server/repository/category_repository.go:51.93,55.16 3 1
develapar-server/repository/category_repository.go:55.16,57.3 1 1
develapar-server/repository/category_repository.go:59.2,59.17 1 1
develapar-server/repository/category_repository.go:63.93,66.16 3 1
develapar-server/repository/category_repository.go:66.16,68.3 1 1
develapar-server/repository/category_repository.go:69.2,69.17 1 1
develapar-server/repository/category_repository.go:73.65,77.16 3 1
develapar-server/repository/category_repository.go:77.16,79.3 1 1
develapar-server/repository/category_repository.go:80.2,82.18 2 1
develapar-server/repository/category_repository.go:82.18,89.17 3 1
develapar-server/repository/category_repository.go:89.17,91.4 1 0
develapar-server/repository/category_repository.go:93.3,93.48 1 1
develapar-server/repository/category_repository.go:96.2,96.35 1 1
develapar-server/repository/category_repository.go:96.35,98.3 1 0
develapar-server/repository/category_repository.go:100.2,100.26 1 1
develapar-server/repository/category_repository.go:103.65,105.2 1 1
develapar-server/repository/comment_repository.go:24.82,29.16 4 1
develapar-server/repository/comment_repository.go:29.16,31.3 1 1
develapar-server/repository/comment_repository.go:33.2,33.21 1 1
develapar-server/repository/comment_repository.go:37.64,41.2 3 1
develapar-server/repository/comment_repository.go:44.92,48.2 3 1
develapar-server/repository/comment_repository.go:51.89,57.16 3 1
develapar-server/repository/comment_repository.go:57.16,59.3 1 1
develapar-server/repository/comment_repository.go:61.2,61.21 1 1
develapar-server/repository/comment_repository.go:65.91,83.16 4 1
develapar-server/repository/comment_repository.go:83.16,85.3 1 1
develapar-server/repository/comment_repository.go:86.2,88.18 2 1
develapar-server/repository/comment_repository.go:88.18,99.17 6 1
develapar-server/repository/comment_repository.go:99.17,101.4 1 0
develapar-server/repository/comment_repository.go:103.3,106.39 3 1
develapar-server/repository/comment_repository.go:110.2,110.35 1 1
develapar-server/repository/comment_repository.go:110.35,112.3 1 0
develapar-server/repository/comment_repository.go:114.2,114.22 1 1
develapar-server/repository/comment_repository.go:118.91,133.16 4 1
develapar-server/repository/comment_repository.go:133.16,135.3 1 1
develapar-server/repository/comment_repository.go:136.2,138.18 2 1
develapar-server/repository/comment_repository.go:138.18,146.17 3 1
develapar-server/repository/comment_repository.go:146.17,148.4 1 0
develapar-server/repository/comment_repository.go:150.3,150.39 1 1
develapar-server/repository/comment_repository.go:153.2,153.35 1 1
develapar-server/repository/comment_repository.go:153.35,155.3 1 0
develapar-server/repository/comment_repository.go:157.2,157.22 1 1
develapar-server/repository/comment_repository.go:160.63,162.2 1 1
develapar-server/repository/like_repository.go:22.75,26.16 4 1
develapar-server/repository/like_repository.go:26.16,28.3 1 1
develapar-server/repository/like_repository.go:29.2,29.20 1 1
develapar-server/repository/like_repository.go:33.79,39.16 3 1
develapar-server/repository/like_repository.go:39.16,41.3 1 1
develapar-server/repository/like_repository.go:43.2,43.18 1 1
develapar-server/repository/like_repository.go:47.70,52.2 3 1
develapar-server/repository/like_repository.go:55.83,69.16 4 1
develapar-server/repository/like_repository.go:69.16,71.3 1 1
develapar-server/repository/like_repository.go:72.2,74.18 2 1
develapar-server/repository/like_repository.go:74.18,82.17 4 1
develapar-server/repository/like_repository.go:82.17,84.4 1 0
develapar-server/repository/like_repository.go:86.3,88.30 2 1
develapar-server/repository/like_repository.go:91.2,91.35 1 1
develapar-server/repository/like_repository.go:91.35,93.3 1 0
develapar-server/repository/like_repository.go:95.2,95.19 1 1
develapar-server/repository/like_repository.go:100.77,114.16 4 1
develapar-server/repository/like_repository.go:114.16,116.3 1 1
develapar-server/repository/like_repository.go:117.2,119.18 2 1
develapar-server/repository/like_repository.go:119.18,127.17 4 1
develapar-server/repository/like_repository.go:127.17,129.4 1 0
develapar-server/repository/like_repository.go:131.3,133.30 2 1
develapar-server/repository/like_repository.go:136.2,136.35 1 1
develapar-server/repository/like_repository.go:136.35,138.3 1 0
develapar-server/repository/like_repository.go:140.2,140.19 1 1
develapar-server/repository/like_repository.go:143.57,145.2 1 1
develapar-server/repository/tag_repository.go:20.71,24.16 3 0
develapar-server/repository/tag_repository.go:24.16,26.3 1 0
develapar-server/repository/tag_repository.go:28.2,28.17 1 0
develapar-server/repository/tag_repository.go:32.75,35.16 3 0
develapar-server/repository/tag_repository.go:35.16,37.3 1 0
develapar-server/repository/tag_repository.go:38.2,38.17 1 0
develapar-server/repository/tag_repository.go:42.59,46.16 3 0
develapar-server/repository/tag_repository.go:46.16,48.3 1 0
develapar-server/repository/tag_repository.go:49.2,51.18 2 0
develapar-server/repository/tag_repository.go:51.18,59.17 3 0
develapar-server/repository/tag_repository.go:59.17,61.4 1 0
develapar-server/repository/tag_repository.go:63.3,63.33 1 0
develapar-server/repository/tag_repository.go:66.2,66.35 1 0
develapar-server/repository/tag_repository.go:66.35,68.3 1 0
develapar-server/repository/tag_repository.go:70.2,70.21 1 0
develapar-server/repository/tag_repository.go:74.64,78.16 3 0
develapar-server/repository/tag_repository.go:78.16,80.3 1 0
develapar-server/repository/tag_repository.go:82.2,82.17 1 0
develapar-server/repository/tag_repository.go:85.55,87.2 1 0
develapar-server/repository/user_repository.go:27.85,33.16 5 0
develapar-server/repository/user_repository.go:33.16,35.3 1 0
develapar-server/repository/user_repository.go:37.2,37.16 1 0
develapar-server/repository/user_repository.go:40.99,44.2 3 0
develapar-server/repository/user_repository.go:47.73,51.2 3 0
develapar-server/repository/user_repository.go:54.65,58.2 3 0
develapar-server/repository/user_repository.go:61.96,65.2 3 0
develapar-server/repository/user_repository.go:68.74,73.16 5 0
develapar-server/repository/user_repository.go:73.16,74.36 1 0
develapar-server/repository/user_repository.go:74.36,76.4 1 0
develapar-server/repository/user_repository.go:77.3,77.16 1 0
develapar-server/repository/user_repository.go:80.2,80.33 1 0
develapar-server/repository/user_repository.go:80.33,84.3 2 0
develapar-server/repository/user_repository.go:86.2,86.20 1 0
develapar-server/repository/user_repository.go:90.71,95.16 3 0
develapar-server/repository/user_repository.go:95.16,97.3 1 0
develapar-server/repository/user_repository.go:99.2,99.18 1 0
develapar-server/repository/user_repository.go:103.61,107.16 3 0
develapar-server/repository/user_repository.go:107.16,109.3 1 0
develapar-server/repository/user_repository.go:110.2,112.18 2 0
develapar-server/repository/user_repository.go:112.18,125.17 3 0
develapar-server/repository/user_repository.go:125.17,127.4 1 0
develapar-server/repository/user_repository.go:129.3,129.36 1 0
develapar-server/repository/user_repository.go:132.2,132.35 1 0
develapar-server/repository/user_repository.go:132.35,134.3 1 0
develapar-server/repository/user_repository.go:136.2,136.22 1 0
develapar-server/repository/user_repository.go:140.66,145.16 3 0
develapar-server/repository/user_repository.go:145.16,147.3 1 0
develapar-server/repository/user_repository.go:149.2,149.18 1 0
develapar-server/repository/user_repository.go:152.80,155.16 3 0
develapar-server/repository/user_repository.go:155.16,157.3 1 0
develapar-server/repository/user_repository.go:158.2,158.18 1 0
develapar-server/repository/user_repository.go:161.57,163.2 1 0
develapar-server/utils/password_hash.go:14.41,16.2 1 1
develapar-server/utils/password_hash.go:18.76,20.18 2 1
develapar-server/utils/password_hash.go:20.18,22.3 1 0
develapar-server/utils/password_hash.go:23.2,23.34 1 1
develapar-server/utils/password_hash.go:26.96,28.2 1 1
develapar-server/utils/slug_generator.go:8.40,10.39 2 1
develapar-server/utils/slug_generator.go:10.39,11.49 1 1
develapar-server/utils/slug_generator.go:11.49,13.4 1 1
develapar-server/utils/slug_generator.go:14.3,14.25 1 1
develapar-server/utils/slug_generator.go:14.25,16.4 1 1
develapar-server/utils/slug_generator.go:17.3,17.12 1 1
develapar-server/utils/slug_generator.go:19.2,19.13 1 1
